\BOOKMARK [1][-]{section.1}{\376\377\176\337\213\241\133\146\127\372\170\100}{}% 1
\BOOKMARK [2][-]{subsection.1.1}{\376\377\000S\000c\000a\000l\000i\000n\000g\000\040\000o\000f\000\040\000t\000h\000e\000\040\000d\000a\000t\000a}{section.1}% 2
\BOOKMARK [2][-]{subsection.1.2}{\376\377\000E\000v\000a\000l\000u\000a\000t\000i\000o\000n\000\040\000o\000f\000\040\000u\000n\000i\000v\000a\000r\000i\000a\000t\000e\000\040\000d\000a\000t\000a\000\040\000\046\000\040\000s\000i\000n\000g\000l\000e\000\040\000f\000e\000a\000t\000u\000r\000e\000s}{section.1}% 3
\BOOKMARK [2][-]{subsection.1.3}{\376\377\000E\000v\000a\000l\000u\000a\000t\000i\000o\000n\000\040\000o\000f\000\040\000m\000u\000l\000t\000i\000v\000a\000r\000i\000a\000t\000e\000\040\000d\000a\000t\000a}{section.1}% 4
\BOOKMARK [1][-]{section.2}{\376\377\200\132\174\173\122\006\147\220}{}% 5
\BOOKMARK [2][-]{subsection.2.1}{\376\377\000H\000i\000e\000r\000a\000r\000c\000h\000i\000c\000a\000l\000\040\000C\000l\000u\000s\000t\000e\000r\000i\000n\000g}{section.2}% 6
\BOOKMARK [3][-]{subsubsection.2.1.1}{\376\377\000A\000g\000g\000l\000o\000m\000e\000r\000a\000t\000i\000v\000e\000\040\000c\000l\000u\000s\000t\000e\000r\000i\000n\000g\000\050\201\352\136\225\124\021\116\012\000\051}{subsection.2.1}% 7
\BOOKMARK [3][-]{subsubsection.2.1.2}{\376\377\000D\000i\000v\000i\000s\000i\000v\000e\000\040\000c\000l\000u\000s\000t\000e\000r\000i\000n\000g\000\050\201\352\230\166\124\021\116\013\000\051}{subsection.2.1}% 8
\BOOKMARK [2][-]{subsection.2.2}{\376\377\000P\000a\000r\000t\000i\000t\000i\000o\000n\000a\000l\000\040\000C\000l\000u\000s\000t\000e\000r\000i\000n\000g}{section.2}% 9
\BOOKMARK [2][-]{subsection.2.3}{\376\377\000F\000u\000z\000z\000y\000\040\000c\000l\000u\000s\000t\000e\000r\000\040\000a\000n\000a\000l\000y\000s\000i\000s}{section.2}% 10
\BOOKMARK [2][-]{subsection.2.4}{\376\377\000N\000e\000u\000r\000o\000n\000a\000l\000\040\000c\000l\000u\000s\000t\000e\000r\000i\000n\000g}{section.2}% 11
\BOOKMARK [1][-]{section.3}{\376\377\145\160\143\156\123\357\211\306\123\026\116\016\226\115\176\364}{}% 12
\BOOKMARK [2][-]{subsection.3.1}{\376\377\000P\000r\000i\000n\000c\000i\000p\000a\000l\000\040\000c\000o\000m\000p\000o\000n\000e\000n\000t\000\040\000a\000n\000a\000l\000y\000s\000i\000s\000\040\000\050\000P\000C\000A\000\051}{section.3}% 13
\BOOKMARK [2][-]{subsection.3.2}{\376\377\000M\000u\000l\000t\000i\000\040\000d\000i\000m\000e\000n\000s\000i\000o\000n\000a\000l\000\040\000s\000c\000a\000l\000i\000n\000g}{section.3}% 14
\BOOKMARK [2][-]{subsection.3.3}{\376\377\000t\000-\000D\000i\000s\000t\000r\000i\000b\000u\000t\000e\000d\000\040\000S\000t\000o\000c\000h\000a\000s\000t\000i\000c\000\040\000N\000e\000i\000g\000h\000b\000o\000r\000\040\000E\000m\000b\000e\000d\000d\000i\000n\000g}{section.3}% 15
\BOOKMARK [1][-]{section.4}{\376\377\121\163\200\124\211\304\122\031}{}% 16
\BOOKMARK [2][-]{subsection.4.1}{\376\377\000A\000\040\000p\000r\000i\000o\000r\000i\000\040\000A\000l\000g\000o\000r\000i\000t\000h\000m}{section.4}% 17
\BOOKMARK [1][-]{section.5}{\376\377\122\006\174\173}{}% 18
\BOOKMARK [2][-]{subsection.5.1}{\376\377\000D\000e\000c\000i\000s\000i\000o\000n\000\040\000t\000r\000e\000e}{section.5}% 19
\BOOKMARK [2][-]{subsection.5.2}{\376\377\000P\000r\000o\000t\000o\000t\000y\000p\000e\000\040\000b\000a\000s\000e\000d\000\040\000c\000l\000a\000s\000s\000i\000f\000i\000e\000r\000s}{section.5}% 20
\BOOKMARK [2][-]{subsection.5.3}{\376\377\000L\000i\000n\000e\000a\000r\000\040\000c\000l\000a\000s\000s\000i\000f\000i\000c\000a\000t\000i\000o\000n}{section.5}% 21
\BOOKMARK [2][-]{subsection.5.4}{\376\377\000E\000v\000a\000l\000u\000a\000t\000i\000o\000n}{section.5}% 22
\BOOKMARK [1][-]{section.6}{\376\377\126\336\137\122}{}% 23
\BOOKMARK [2][-]{subsection.6.1}{\376\377\000L\000i\000n\000e\000a\000r\000\040\000r\000e\000g\000r\000e\000s\000s\000i\000o\000n}{section.6}% 24
\BOOKMARK [2][-]{subsection.6.2}{\376\377\000N\000o\000n\000l\000i\000n\000e\000a\000r\000\040\000r\000e\000g\000r\000e\000s\000s\000i\000o\000n}{section.6}% 25
\BOOKMARK [2][-]{subsection.6.3}{\376\377\000R\000e\000g\000r\000e\000s\000s\000i\000o\000n\000\040\000b\000a\000s\000e\000d\000\040\000c\000l\000a\000s\000s\000i\000f\000i\000c\000a\000t\000i\000o\000n}{section.6}% 26
